origin	https://github.com/Marinlestylo/API-2021-UDP-Orchestra.git (fetch)
origin	https://github.com/Marinlestylo/API-2021-UDP-Orchestra.git (push)
Starting auditor container "f970ae49c055be21c67a39f0609f212b9f16cc4515220010beb720e1ed94e6a2"
Starting auditor container "ed65caaf593c7528e94d4dd0829179102075bff04a51fede15a122fbcfb2ebd1"
Starting auditor container "16723d69b8cfa3f066d522b6ad6cc968fadd3610ff4ac7533905f5be80e873ee"
Starting auditor container "b655bbdae22441e16e0a7178dd68fec61d85f06581d244d63c4ef40875dc0241"
Starting auditor container "467411b6cb0d8a843ed7dc12840970803901de4dbff76e6bd9031bebe7ccb0d8"
Starting auditor container "e263f87db72074444e95b427cc802a706522dfc901fe816c3294eceef0faaa32"
Starting auditor container "b6ae1cd6d73b124b98b7e446bacae3c67b6d306861e152266d463901b33bb3be"
Starting auditor container "7aed90da6151d21549de4fb54ec8a32af0ade494f896e8db3ce4284dc07a158e"
Starting auditor container "b530c436e101f7abc3fcba30d116ab65cf786f84c82e9a2fa2ee623641777823"
Starting auditor container "3759668b2108d132a3804fc219f77f132b8541146faed4c10c6ebe6d7b4de39c"
Starting auditor container "ac879b0fc20db493ce50814c09fc0c92954977e51dccdf57270ebfc5b3b49c17"
11 containers have been started.
b6ae1cd6d73b124b98b7e446bacae3c67b6d306861e152266d463901b33bb3be : /opt/app/musician.js,trumpet
b655bbdae22441e16e0a7178dd68fec61d85f06581d244d63c4ef40875dc0241 : /opt/app/musician.js,flute
ac879b0fc20db493ce50814c09fc0c92954977e51dccdf57270ebfc5b3b49c17 : /opt/app/musician.js,trumpet
e263f87db72074444e95b427cc802a706522dfc901fe816c3294eceef0faaa32 : /opt/app/musician.js,flute
467411b6cb0d8a843ed7dc12840970803901de4dbff76e6bd9031bebe7ccb0d8 : /opt/app/musician.js,piano
f970ae49c055be21c67a39f0609f212b9f16cc4515220010beb720e1ed94e6a2 : /opt/app/musician.js,trumpet
16723d69b8cfa3f066d522b6ad6cc968fadd3610ff4ac7533905f5be80e873ee : /opt/app/musician.js,flute
ed65caaf593c7528e94d4dd0829179102075bff04a51fede15a122fbcfb2ebd1 : /opt/app/musician.js,flute
b530c436e101f7abc3fcba30d116ab65cf786f84c82e9a2fa2ee623641777823 : /opt/app/musician.js,drum
3759668b2108d132a3804fc219f77f132b8541146faed4c10c6ebe6d7b4de39c : /opt/app/musician.js,drum
7aed90da6151d21549de4fb54ec8a32af0ade494f896e8db3ce4284dc07a158e : node,/opt/app/auditor.js
Auditor validation: success: ["drum","drum","flute","flute","flute","flute","piano","trumpet","trumpet","trumpet"]
There are 10 musicians, let's kill one
killed 3759668b2108d132a3804fc219f77f132b8541146faed4c10c6ebe6d7b4de39c
Auditor validation: success: ["drum","flute","flute","flute","flute","piano","trumpet","trumpet","trumpet"]
Scheduling a new test
There are 9 musicians, let's kill one
killed e263f87db72074444e95b427cc802a706522dfc901fe816c3294eceef0faaa32
Auditor validation: success: ["drum","flute","flute","flute","piano","trumpet","trumpet","trumpet"]
Scheduling a new test
There are 8 musicians, let's kill one
killed b530c436e101f7abc3fcba30d116ab65cf786f84c82e9a2fa2ee623641777823
Auditor validation: success: ["flute","flute","flute","piano","trumpet","trumpet","trumpet"]
Scheduling a new test
There are 7 musicians, let's kill one
killed 467411b6cb0d8a843ed7dc12840970803901de4dbff76e6bd9031bebe7ccb0d8
Auditor validation: success: ["flute","flute","flute","trumpet","trumpet","trumpet"]
Scheduling a new test
We have done all tests.
